<?xml version="1.0" encoding="UTF-8"?>
<!-- Generated by org.testng.reporters.JUnitReportReporter -->
<testsuite skipped="0" hostname="Pawan" name="testscripts.loginpagetest" tests="3" failures="0" timestamp="2021-06-21T11:54:18 IST" time="22.502" errors="0">
  <testcase name="check_page_login_corretely" time="6.723" classname="testscripts.loginpagetest"/>
  <system-out/>
  <testcase name="check_page_logo" time="5.907" classname="testscripts.loginpagetest"/>
  <system-out/>
  <testcase name="check_page_tittle" time="9.872" classname="testscripts.loginpagetest"/>
  <system-out/>
</testsuite> <!-- testscripts.loginpagetest -->
