<?xml version="1.0" encoding="UTF-8"?>
<!-- Generated by org.testng.reporters.JUnitReportReporter -->
<testsuite skipped="0" hostname="Pawan" name="testdata.loginpagetest" tests="3" failures="0" timestamp="13 Jun 2021 16:18:50 GMT" time="31.644" errors="0">
  <testcase name="check_page_login_corretely" time="8.794" classname="testdata.loginpagetest"/>
  <testcase name="check_page_logo" time="10.641" classname="testdata.loginpagetest"/>
  <testcase name="check_page_tittle" time="12.209" classname="testdata.loginpagetest"/>
</testsuite> <!-- testdata.loginpagetest -->
