<?xml version="1.0" encoding="UTF-8"?>
<!-- Generated by org.testng.reporters.JUnitReportReporter -->
<testsuite skipped="0" hostname="Pawan" name="testscripts.homepagetest" tests="2" failures="0" timestamp="2021-06-21T11:54:18 IST" time="20.349" errors="0">
  <testcase name="check_view_stmt_link" time="10.042" classname="testscripts.homepagetest"/>
  <system-out/>
  <testcase name="check_orders" time="10.307" classname="testscripts.homepagetest"/>
  <system-out/>
</testsuite> <!-- testscripts.homepagetest -->
